# JRE version: OpenJDK Runtime Environment Corretto-17.0.13.11.1 (17.0.13+11) (build 17.0.13+11-LTS)
# Java VM: OpenJDK 64-Bit Server VM Corretto-17.0.13.11.1 (17.0.13+11-LTS, mixed mode, emulated-client, sharing, tiered, compressed oops, compressed class ptrs, g1 gc, windows-amd64)
GC Precious Log:
 CPUs: 8 total, 8 available
 Memory: 3933M
 Large Page Support: Disabled
 NUMA Support: Disabled
 Compressed Oops: Enabled (32-bit)
 Heap Region Size: 1M
 Heap Min Capacity: 8M
 Heap Initial Capacity: 62M
 Heap Max Capacity: 984M
 Pre-touch: Disabled
 Parallel Workers: 8
 Concurrent Workers: 2
 Concurrent Refinement Workers: 8
 Periodic GC: Disabled
Heap:
 garbage-first heap   total 106496K, used 35360K [0x00000000c2800000, 0x0000000100000000)
  region size 1024K, 1 young (1024K), 1 survivors (1024K)
 Metaspace       used 88985K, committed 89664K, reserved 1179648K
  class space    used 13026K, committed 13312K, reserved 1048576K
GC Heap History (20 events):
Event: 1466.725 GC heap after
{Heap after GC invocations=57 (full 2):
 garbage-first heap   total 109568K, used 40174K [0x00000000c2800000, 0x0000000100000000)
  region size 1024K, 6 young (6144K), 6 survivors (6144K)
 Metaspace       used 88170K, committed 88768K, reserved 1179648K
  class space    used 12926K, committed 13184K, reserved 1048576K
}
Event: 1683.512 GC heap before
{Heap before GC invocations=57 (full 2):
 garbage-first heap   total 109568K, used 56558K [0x00000000c2800000, 0x0000000100000000)
  region size 1024K, 23 young (23552K), 6 survivors (6144K)
 Metaspace       used 88182K, committed 88768K, reserved 1179648K
  class space    used 12928K, committed 13184K, reserved 1048576K
}
Event: 1685.397 GC heap after
{Heap after GC invocations=58 (full 3):
 garbage-first heap   total 106496K, used 29453K [0x00000000c2800000, 0x0000000100000000)
  region size 1024K, 0 young (0K), 0 survivors (0K)
 Metaspace       used 88139K, committed 88768K, reserved 1179648K
  class space    used 12919K, committed 13184K, reserved 1048576K
}
Event: 1690.451 GC heap before
{Heap before GC invocations=58 (full 3):
 garbage-first heap   total 106496K, used 80653K [0x00000000c2800000, 0x0000000100000000)
  region size 1024K, 51 young (52224K), 0 survivors (0K)
 Metaspace       used 88301K, committed 88896K, reserved 1179648K
  class space    used 12943K, committed 13184K, reserved 1048576K
}
Event: 1690.475 GC heap after
{Heap after GC invocations=59 (full 3):
 garbage-first heap   total 106496K, used 35048K [0x00000000c2800000, 0x0000000100000000)
  region size 1024K, 6 young (6144K), 6 survivors (6144K)
 Metaspace       used 88301K, committed 88896K, reserved 1179648K
  class space    used 12943K, committed 13184K, reserved 1048576K
}
Event: 1697.535 GC heap before
{Heap before GC invocations=60 (full 3):
 garbage-first heap   total 106496K, used 80104K [0x00000000c2800000, 0x0000000100000000)
  region size 1024K, 51 young (52224K), 6 survivors (6144K)
 Metaspace       used 88912K, committed 89536K, reserved 1179648K
  class space    used 13020K, committed 13312K, reserved 1048576K
}
Event: 1697.551 GC heap after
{Heap after GC invocations=61 (full 3):
 garbage-first heap   total 106496K, used 35250K [0x00000000c2800000, 0x0000000100000000)
  region size 1024K, 4 young (4096K), 4 survivors (4096K)
 Metaspace       used 88912K, committed 89536K, reserved 1179648K
  class space    used 13020K, committed 13312K, reserved 1048576K
}
Event: 1831.448 GC heap before
{Heap before GC invocations=61 (full 3):
 garbage-first heap   total 106496K, used 80306K [0x00000000c2800000, 0x0000000100000000)
  region size 1024K, 49 young (50176K), 4 survivors (4096K)
 Metaspace       used 89019K, committed 89664K, reserved 1179648K
  class space    used 13037K, committed 13312K, reserved 1048576K
}
Event: 1838.748 GC heap after
{Heap after GC invocations=62 (full 3):
 garbage-first heap   total 106496K, used 33206K [0x00000000c2800000, 0x0000000100000000)
  region size 1024K, 2 young (2048K), 2 survivors (2048K)
 Metaspace       used 89019K, committed 89664K, reserved 1179648K
  class space    used 13037K, committed 13312K, reserved 1048576K
}
Event: 1847.387 GC heap before
{Heap before GC invocations=63 (full 3):
 garbage-first heap   total 106496K, used 36278K [0x00000000c2800000, 0x0000000100000000)
  region size 1024K, 5 young (5120K), 2 survivors (2048K)
 Metaspace       used 88996K, committed 89664K, reserved 1179648K
  class space    used 13033K, committed 13312K, reserved 1048576K
}
Event: 1847.402 GC heap after
{Heap after GC invocations=64 (full 3):
 garbage-first heap   total 106496K, used 33221K [0x00000000c2800000, 0x0000000100000000)
  region size 1024K, 1 young (1024K), 1 survivors (1024K)
 Metaspace       used 88996K, committed 89664K, reserved 1179648K
  class space    used 13033K, committed 13312K, reserved 1048576K
}
Event: 1847.484 GC heap before
{Heap before GC invocations=64 (full 3):
 garbage-first heap   total 106496K, used 37317K [0x00000000c2800000, 0x0000000100000000)
  region size 1024K, 5 young (5120K), 1 survivors (1024K)
 Metaspace       used 88996K, committed 89664K, reserved 1179648K
  class space    used 13033K, committed 13312K, reserved 1048576K
}
Event: 1847.491 GC heap after
{Heap after GC invocations=65 (full 3):
 garbage-first heap   total 106496K, used 33708K [0x00000000c2800000, 0x0000000100000000)
  region size 1024K, 1 young (1024K), 1 survivors (1024K)
 Metaspace       used 88996K, committed 89664K, reserved 1179648K
  class space    used 13033K, committed 13312K, reserved 1048576K
}
Event: 1848.325 GC heap before
{Heap before GC invocations=66 (full 3):
 garbage-first heap   total 106496K, used 37804K [0x00000000c2800000, 0x0000000100000000)
  region size 1024K, 5 young (5120K), 1 survivors (1024K)
 Metaspace       used 88970K, committed 89664K, reserved 1179648K
  class space    used 13024K, committed 13312K, reserved 1048576K
}
Event: 1848.333 GC heap after
{Heap after GC invocations=67 (full 3):
 garbage-first heap   total 106496K, used 34302K [0x00000000c2800000, 0x0000000100000000)
  region size 1024K, 1 young (1024K), 1 survivors (1024K)
 Metaspace       used 88970K, committed 89664K, reserved 1179648K
  class space    used 13024K, committed 13312K, reserved 1048576K
}
Event: 1848.391 GC heap before
{Heap before GC invocations=67 (full 3):
 garbage-first heap   total 106496K, used 38398K [0x00000000c2800000, 0x0000000100000000)
  region size 1024K, 5 young (5120K), 1 survivors (1024K)
 Metaspace       used 88980K, committed 89664K, reserved 1179648K
  class space    used 13026K, committed 13312K, reserved 1048576K
}
Event: 1848.395 GC heap after
{Heap after GC invocations=68 (full 3):
 garbage-first heap   total 106496K, used 34606K [0x00000000c2800000, 0x0000000100000000)
  region size 1024K, 1 young (1024K), 1 survivors (1024K)
 Metaspace       used 88980K, committed 89664K, reserved 1179648K
  class space    used 13026K, committed 13312K, reserved 1048576K
}
Event: 1848.452 GC heap before
{Heap before GC invocations=69 (full 3):
 garbage-first heap   total 106496K, used 38702K [0x00000000c2800000, 0x0000000100000000)
  region size 1024K, 5 young (5120K), 1 survivors (1024K)
 Metaspace       used 88980K, committed 89664K, reserved 1179648K
  class space    used 13026K, committed 13312K, reserved 1048576K
}
Event: 1848.453 GC heap after
{Heap after GC invocations=70 (full 3):
 garbage-first heap   total 106496K, used 34862K [0x00000000c2800000, 0x0000000100000000)
  region size 1024K, 1 young (1024K), 1 survivors (1024K)
 Metaspace       used 88980K, committed 89664K, reserved 1179648K
  class space    used 13026K, committed 13312K, reserved 1048576K
}
Event: 1848.502 GC heap before
{Heap before GC invocations=70 (full 3):
 garbage-first heap   total 106496K, used 38958K [0x00000000c2800000, 0x0000000100000000)
  region size 1024K, 5 young (5120K), 1 survivors (1024K)
 Metaspace       used 88985K, committed 89664K, reserved 1179648K
  class space    used 13026K, committed 13312K, reserved 1048576K
}

